 * Running on http://192.168.2.3:5003/ (Press CTRL+C to quit)
192.168.2.2 - - [27/Jan/2019 22:21:26] "GET / HTTP/1.1" 302 -
192.168.2.2 - - [27/Jan/2019 22:21:26] "GET /weight/register HTTP/1.1" 200 -
192.168.2.2 - - [27/Jan/2019 22:21:26] "GET /static/css/main.css HTTP/1.1" 304 -
192.168.2.2 - - [27/Jan/2019 22:21:46] "POST /weight/register HTTP/1.1" 201 -
192.168.2.2 - - [27/Jan/2019 22:21:47] "GET /weight/register HTTP/1.1" 200 -
192.168.2.2 - - [27/Jan/2019 22:21:47] "GET /static/css/main.css HTTP/1.1" 304 -
192.168.2.2 - - [27/Jan/2019 22:21:48] "GET /weight/history HTTP/1.1" 200 -
192.168.2.2 - - [27/Jan/2019 22:21:48] "GET /static/css/main.css HTTP/1.1" 304 -
192.168.2.2 - - [27/Jan/2019 22:21:48] "GET /static/js/chart-config.js HTTP/1.1" 200 -
192.168.2.2 - - [27/Jan/2019 22:21:53] "GET /weight/historyweeks?amount=8 HTTP/1.1" 200 -
192.168.2.2 - - [28/Jan/2019 14:31:14] "GET / HTTP/1.1" 302 -
192.168.2.2 - - [28/Jan/2019 14:31:15] "GET / HTTP/1.1" 302 -
192.168.2.2 - - [28/Jan/2019 14:31:17] "GET /weight/register HTTP/1.1" 200 -
192.168.2.2 - - [28/Jan/2019 14:31:17] "GET /weight/register HTTP/1.1" 200 -
192.168.2.2 - - [28/Jan/2019 14:31:17] "GET /static/css/main.css HTTP/1.1" 200 -
192.168.2.2 - - [28/Jan/2019 14:31:17] "GET /favicon.ico HTTP/1.1" 404 -
192.168.2.2 - - [28/Jan/2019 14:31:20] "POST /weight/register HTTP/1.1" 201 -
192.168.2.2 - - [28/Jan/2019 14:31:22] "GET /weight/register HTTP/1.1" 200 -
192.168.2.2 - - [28/Jan/2019 14:31:22] "GET /static/css/main.css HTTP/1.1" 304 -
192.168.2.2 - - [28/Jan/2019 14:35:29] "GET /weight/history HTTP/1.1" 200 -
192.168.2.2 - - [28/Jan/2019 14:35:29] "GET /static/css/main.css HTTP/1.1" 304 -
192.168.2.2 - - [28/Jan/2019 14:35:29] "GET /static/js/chart-config.js HTTP/1.1" 200 -
192.168.2.2 - - [28/Jan/2019 14:35:31] "GET /weight/historydays?amount=10 HTTP/1.1" 200 -
192.168.2.2 - - [28/Jan/2019 14:35:37] "GET /weight/historyweeks?amount=10 HTTP/1.1" 200 -
192.168.2.2 - - [28/Jan/2019 14:35:39] "GET /weight/historyweeks?amount=69 HTTP/1.1" 200 -
192.168.2.2 - - [01/Feb/2019 05:52:53] "GET / HTTP/1.1" 302 -
192.168.2.2 - - [01/Feb/2019 05:52:56] "GET /weight/register HTTP/1.1" 200 -
192.168.2.2 - - [01/Feb/2019 05:52:56] "GET /static/css/main.css HTTP/1.1" 200 -
192.168.2.2 - - [01/Feb/2019 05:52:56] "GET /favicon.ico HTTP/1.1" 404 -
192.168.2.2 - - [01/Feb/2019 05:53:01] "POST /weight/register HTTP/1.1" 201 -
192.168.2.2 - - [01/Feb/2019 05:53:02] "GET /weight/register HTTP/1.1" 200 -
192.168.2.2 - - [13/Feb/2019 14:43:42] "GET / HTTP/1.1" 302 -
192.168.2.2 - - [13/Feb/2019 14:43:45] "GET /weight/register HTTP/1.1" 200 -
192.168.2.2 - - [13/Feb/2019 14:43:45] "GET /static/css/main.css HTTP/1.1" 304 -
192.168.2.2 - - [13/Feb/2019 14:43:45] "GET /favicon.ico HTTP/1.1" 404 -
192.168.2.2 - - [13/Feb/2019 14:43:59] "POST /weight/register HTTP/1.1" 201 -
192.168.2.2 - - [13/Feb/2019 14:44:02] "GET /weight/register HTTP/1.1" 200 -
192.168.2.2 - - [14/Feb/2019 23:40:56] "GET / HTTP/1.1" 302 -
192.168.2.2 - - [14/Feb/2019 23:40:56] "GET /weight/register HTTP/1.1" 200 -
192.168.2.2 - - [14/Feb/2019 23:40:56] "GET /static/css/main.css HTTP/1.1" 304 -
192.168.2.2 - - [14/Feb/2019 23:41:02] "POST /weight/register HTTP/1.1" 201 -
192.168.2.2 - - [14/Feb/2019 23:41:04] "GET /weight/register HTTP/1.1" 200 -
 * Running on http://192.168.2.3:5003/ (Press CTRL+C to quit)
192.168.2.2 - - [25/Mar/2019 21:23:08] "GET / HTTP/1.1" 302 -
192.168.2.2 - - [25/Mar/2019 21:23:08] "GET /weight/register HTTP/1.1" 200 -
192.168.2.2 - - [25/Mar/2019 21:23:09] "GET /static/css/main.css HTTP/1.1" 200 -
192.168.2.2 - - [25/Mar/2019 21:23:09] "GET /favicon.ico HTTP/1.1" 404 -
192.168.2.2 - - [25/Mar/2019 21:23:19] "GET / HTTP/1.1" 302 -
192.168.2.2 - - [25/Mar/2019 21:23:19] "GET /weight/register HTTP/1.1" 200 -
192.168.2.2 - - [25/Mar/2019 21:23:23] "POST /weight/register HTTP/1.1" 201 -
192.168.2.2 - - [25/Mar/2019 21:23:24] "GET /weight/register HTTP/1.1" 200 -
192.168.2.2 - - [26/Mar/2019 09:18:32] "GET / HTTP/1.1" 302 -
192.168.2.2 - - [26/Mar/2019 09:18:35] "GET /weight/register HTTP/1.1" 200 -
192.168.2.2 - - [26/Mar/2019 09:18:39] "POST /weight/register HTTP/1.1" 201 -
192.168.2.2 - - [26/Mar/2019 09:18:40] "GET /weight/register HTTP/1.1" 200 -
 * Running on http://192.168.2.3:5003/ (Press CTRL+C to quit)
192.168.2.2 - - [27/Mar/2019 08:18:50] "GET / HTTP/1.1" 302 -
192.168.2.2 - - [27/Mar/2019 08:18:50] "GET /weight/register HTTP/1.1" 200 -
192.168.2.2 - - [27/Mar/2019 08:18:50] "GET /static/css/main.css HTTP/1.1" 200 -
192.168.2.2 - - [27/Mar/2019 08:18:58] "POST /weight/register HTTP/1.1" 201 -
192.168.2.2 - - [27/Mar/2019 08:18:58] "GET /weight/register HTTP/1.1" 200 -
Traceback (most recent call last):
  File "app.py", line 2, in <module>
    from common.database import Database
ImportError: No module named common.database
 * Running on http://192.168.2.3:5003/ (Press CTRL+C to quit)
192.168.2.2 - - [28/Mar/2019 07:18:20] "GET / HTTP/1.1" 302 -
192.168.2.2 - - [28/Mar/2019 07:18:20] "GET /weight/register HTTP/1.1" 200 -
192.168.2.2 - - [28/Mar/2019 07:18:20] "GET /static/css/main.css HTTP/1.1" 304 -
192.168.2.2 - - [28/Mar/2019 07:18:25] "POST /weight/register HTTP/1.1" 201 -
192.168.2.2 - - [28/Mar/2019 07:18:26] "GET /weight/register HTTP/1.1" 200 -
192.168.2.2 - - [29/Mar/2019 05:33:13] "GET / HTTP/1.1" 302 -
192.168.2.2 - - [29/Mar/2019 05:33:16] "GET /weight/register HTTP/1.1" 200 -
192.168.2.2 - - [29/Mar/2019 05:33:16] "GET /static/css/main.css HTTP/1.1" 200 -
192.168.2.2 - - [29/Mar/2019 05:33:18] "GET /favicon.ico HTTP/1.1" 404 -
192.168.2.2 - - [29/Mar/2019 05:33:21] "POST /weight/register HTTP/1.1" 201 -
192.168.2.2 - - [29/Mar/2019 05:33:22] "GET /weight/register HTTP/1.1" 200 -
192.168.2.2 - - [30/Mar/2019 08:06:19] "GET / HTTP/1.1" 302 -
192.168.2.2 - - [30/Mar/2019 08:06:20] "GET /weight/register HTTP/1.1" 200 -
192.168.2.2 - - [30/Mar/2019 08:06:20] "GET /static/css/main.css HTTP/1.1" 304 -
192.168.2.2 - - [30/Mar/2019 08:06:26] "POST /weight/register HTTP/1.1" 201 -
192.168.2.2 - - [30/Mar/2019 08:06:27] "GET /weight/register HTTP/1.1" 200 -
192.168.2.2 - - [31/Mar/2019 08:12:52] "GET / HTTP/1.1" 302 -
192.168.2.2 - - [31/Mar/2019 08:12:55] "GET /weight/register HTTP/1.1" 200 -
192.168.2.2 - - [31/Mar/2019 08:12:55] "GET /static/css/main.css HTTP/1.1" 304 -
192.168.2.2 - - [31/Mar/2019 08:12:59] "POST /weight/register HTTP/1.1" 201 -
192.168.2.2 - - [31/Mar/2019 08:13:00] "GET /weight/register HTTP/1.1" 200 -
192.168.2.2 - - [31/Mar/2019 08:13:03] "GET /weight/history HTTP/1.1" 200 -
192.168.2.2 - - [31/Mar/2019 08:13:03] "GET /static/js/chart-config.js HTTP/1.1" 200 -
192.168.2.2 - - [31/Mar/2019 08:13:07] "GET /weight/historyweeks?amount=1 HTTP/1.1" 200 -
192.168.2.2 - - [31/Mar/2019 08:13:11] "GET /weight/historyweeks?amount=2 HTTP/1.1" 200 -
192.168.2.2 - - [31/Mar/2019 08:13:20] "GET /weight/historydays?amount=7 HTTP/1.1" 200 -
192.168.2.2 - - [31/Mar/2019 08:13:28] "GET /weight/historydays?amount=20 HTTP/1.1" 200 -
192.168.2.2 - - [02/Apr/2019 08:47:40] "GET / HTTP/1.1" 302 -
192.168.2.2 - - [02/Apr/2019 08:47:40] "GET /weight/register HTTP/1.1" 200 -
192.168.2.2 - - [02/Apr/2019 08:47:40] "GET /static/css/main.css HTTP/1.1" 200 -
192.168.2.2 - - [02/Apr/2019 08:47:45] "GET / HTTP/1.1" 302 -
192.168.2.2 - - [02/Apr/2019 08:47:45] "GET /weight/register HTTP/1.1" 200 -
192.168.2.2 - - [02/Apr/2019 08:47:53] "POST /weight/register HTTP/1.1" 201 -
192.168.2.2 - - [02/Apr/2019 08:47:58] "GET /weight/register HTTP/1.1" 200 -
XXX lineno: 418, opcode: 114
XXX lineno: 418, opcode: 114
XXX lineno: 418, opcode: 114
XXX lineno: 418, opcode: 114
XXX lineno: 418, opcode: 114
XXX lineno: 418, opcode: 114
XXX lineno: 418, opcode: 114
XXX lineno: 418, opcode: 114
Traceback (most recent call last):
  File "/usr/lib/python3.5/socketserver.py", line 625, in process_request_thread
    self.finish_request(request, client_address)
  File "/usr/lib/python3.5/socketserver.py", line 354, in finish_request
    self.RequestHandlerClass(request, client_address, self)
  File "/usr/lib/python3.5/socketserver.py", line 681, in __init__
    self.handle()
  File "/usr/lib/python3/dist-packages/werkzeug/serving.py", line 228, in handle
    rv = BaseHTTPRequestHandler.handle(self)
  File "/usr/lib/python3.5/http/server.py", line 422, in handle
    self.handle_one_request()
  File "/usr/lib/python3/dist-packages/werkzeug/serving.py", line 263, in handle_one_request
    return self.run_wsgi()
  File "/usr/lib/python3/dist-packages/werkzeug/serving.py", line 149, in run_wsgi
    self.environ = environ = self.make_environ()
  File "/usr/lib/python3/dist-packages/werkzeug/serving.py", line 104, in make_environ
    request_url = url_parse(self.path)
  File "/usr/lib/python3/dist-packages/werkzeug/urls.py", line 418, in url_parse
    scheme = s('')
SystemError: unknown opcode
Traceback (most recent call last):
  File "/usr/lib/python3.5/socketserver.py", line 625, in process_request_thread
    self.finish_request(request, client_address)
  File "/usr/lib/python3.5/socketserver.py", line 354, in finish_request
    self.RequestHandlerClass(request, client_address, self)
  File "/usr/lib/python3.5/socketserver.py", line 681, in __init__
    self.handle()
  File "/usr/lib/python3/dist-packages/werkzeug/serving.py", line 228, in handle
    rv = BaseHTTPRequestHandler.handle(self)
  File "/usr/lib/python3.5/http/server.py", line 422, in handle
    self.handle_one_request()
  File "/usr/lib/python3/dist-packages/werkzeug/serving.py", line 263, in handle_one_request
    return self.run_wsgi()
  File "/usr/lib/python3/dist-packages/werkzeug/serving.py", line 149, in run_wsgi
    self.environ = environ = self.make_environ()
  File "/usr/lib/python3/dist-packages/werkzeug/serving.py", line 104, in make_environ
    request_url = url_parse(self.path)
  File "/usr/lib/python3/dist-packages/werkzeug/urls.py", line 418, in url_parse
    scheme = s('')
SystemError: unknown opcode
Traceback (most recent call last):
  File "/usr/lib/python3.5/socketserver.py", line 625, in process_request_thread
    self.finish_request(request, client_address)
  File "/usr/lib/python3.5/socketserver.py", line 354, in finish_request
    self.RequestHandlerClass(request, client_address, self)
  File "/usr/lib/python3.5/socketserver.py", line 681, in __init__
    self.handle()
  File "/usr/lib/python3/dist-packages/werkzeug/serving.py", line 228, in handle
    rv = BaseHTTPRequestHandler.handle(self)
  File "/usr/lib/python3.5/http/server.py", line 422, in handle
    self.handle_one_request()
  File "/usr/lib/python3/dist-packages/werkzeug/serving.py", line 263, in handle_one_request
    return self.run_wsgi()
  File "/usr/lib/python3/dist-packages/werkzeug/serving.py", line 149, in run_wsgi
    self.environ = environ = self.make_environ()
  File "/usr/lib/python3/dist-packages/werkzeug/serving.py", line 104, in make_environ
    request_url = url_parse(self.path)
  File "/usr/lib/python3/dist-packages/werkzeug/urls.py", line 418, in url_parse
    scheme = s('')
SystemError: unknown opcode
Traceback (most recent call last):
  File "/usr/lib/python3.5/socketserver.py", line 625, in process_request_thread
    self.finish_request(request, client_address)
  File "/usr/lib/python3.5/socketserver.py", line 354, in finish_request
    self.RequestHandlerClass(request, client_address, self)
  File "/usr/lib/python3.5/socketserver.py", line 681, in __init__
    self.handle()
  File "/usr/lib/python3/dist-packages/werkzeug/serving.py", line 228, in handle
    rv = BaseHTTPRequestHandler.handle(self)
  File "/usr/lib/python3.5/http/server.py", line 422, in handle
    self.handle_one_request()
  File "/usr/lib/python3/dist-packages/werkzeug/serving.py", line 263, in handle_one_request
    return self.run_wsgi()
  File "/usr/lib/python3/dist-packages/werkzeug/serving.py", line 149, in run_wsgi
    self.environ = environ = self.make_environ()
  File "/usr/lib/python3/dist-packages/werkzeug/serving.py", line 104, in make_environ
    request_url = url_parse(self.path)
  File "/usr/lib/python3/dist-packages/werkzeug/urls.py", line 418, in url_parse
    scheme = s('')
SystemError: unknown opcode
Traceback (most recent call last):
  File "/usr/lib/python3.5/socketserver.py", line 625, in process_request_thread
    self.finish_request(request, client_address)
  File "/usr/lib/python3.5/socketserver.py", line 354, in finish_request
    self.RequestHandlerClass(request, client_address, self)
  File "/usr/lib/python3.5/socketserver.py", line 681, in __init__
    self.handle()
  File "/usr/lib/python3/dist-packages/werkzeug/serving.py", line 228, in handle
    rv = BaseHTTPRequestHandler.handle(self)
  File "/usr/lib/python3.5/http/server.py", line 422, in handle
    self.handle_one_request()
  File "/usr/lib/python3/dist-packages/werkzeug/serving.py", line 263, in handle_one_request
    return self.run_wsgi()
  File "/usr/lib/python3/dist-packages/werkzeug/serving.py", line 149, in run_wsgi
    self.environ = environ = self.make_environ()
  File "/usr/lib/python3/dist-packages/werkzeug/serving.py", line 104, in make_environ
    request_url = url_parse(self.path)
  File "/usr/lib/python3/dist-packages/werkzeug/urls.py", line 418, in url_parse
    scheme = s('')
SystemError: unknown opcode
Traceback (most recent call last):
  File "/usr/lib/python3.5/socketserver.py", line 625, in process_request_thread
    self.finish_request(request, client_address)
  File "/usr/lib/python3.5/socketserver.py", line 354, in finish_request
    self.RequestHandlerClass(request, client_address, self)
  File "/usr/lib/python3.5/socketserver.py", line 681, in __init__
    self.handle()
  File "/usr/lib/python3/dist-packages/werkzeug/serving.py", line 228, in handle
    rv = BaseHTTPRequestHandler.handle(self)
  File "/usr/lib/python3.5/http/server.py", line 422, in handle
    self.handle_one_request()
  File "/usr/lib/python3/dist-packages/werkzeug/serving.py", line 263, in handle_one_request
    return self.run_wsgi()
  File "/usr/lib/python3/dist-packages/werkzeug/serving.py", line 149, in run_wsgi
    self.environ = environ = self.make_environ()
  File "/usr/lib/python3/dist-packages/werkzeug/serving.py", line 104, in make_environ
    request_url = url_parse(self.path)
  File "/usr/lib/python3/dist-packages/werkzeug/urls.py", line 418, in url_parse
    scheme = s('')
SystemError: unknown opcode
Traceback (most recent call last):
  File "/usr/lib/python3.5/socketserver.py", line 625, in process_request_thread
    self.finish_request(request, client_address)
  File "/usr/lib/python3.5/socketserver.py", line 354, in finish_request
    self.RequestHandlerClass(request, client_address, self)
  File "/usr/lib/python3.5/socketserver.py", line 681, in __init__
    self.handle()
  File "/usr/lib/python3/dist-packages/werkzeug/serving.py", line 228, in handle
    rv = BaseHTTPRequestHandler.handle(self)
  File "/usr/lib/python3.5/http/server.py", line 422, in handle
    self.handle_one_request()
  File "/usr/lib/python3/dist-packages/werkzeug/serving.py", line 263, in handle_one_request
    return self.run_wsgi()
  File "/usr/lib/python3/dist-packages/werkzeug/serving.py", line 149, in run_wsgi
    self.environ = environ = self.make_environ()
  File "/usr/lib/python3/dist-packages/werkzeug/serving.py", line 104, in make_environ
    request_url = url_parse(self.path)
  File "/usr/lib/python3/dist-packages/werkzeug/urls.py", line 418, in url_parse
    scheme = s('')
SystemError: unknown opcode
Traceback (most recent call last):
  File "/usr/lib/python3.5/socketserver.py", line 625, in process_request_thread
    self.finish_request(request, client_address)
  File "/usr/lib/python3.5/socketserver.py", line 354, in finish_request
    self.RequestHandlerClass(request, client_address, self)
  File "/usr/lib/python3.5/socketserver.py", line 681, in __init__
    self.handle()
  File "/usr/lib/python3/dist-packages/werkzeug/serving.py", line 228, in handle
    rv = BaseHTTPRequestHandler.handle(self)
XXX lineno: 418, opcode: 114
XXX lineno: 418, opcode: 114
XXX lineno: 418, opcode: 114
XXX lineno: 418, opcode: 114
XXX lineno: 418, opcode: 114
XXX lineno: 418, opcode: 114
XXX lineno: 418, opcode: 114
  File "/usr/lib/python3.5/http/server.py", line 422, in handle
    self.handle_one_request()
  File "/usr/lib/python3/dist-packages/werkzeug/serving.py", line 263, in handle_one_request
    return self.run_wsgi()
  File "/usr/lib/python3/dist-packages/werkzeug/serving.py", line 149, in run_wsgi
    self.environ = environ = self.make_environ()
  File "/usr/lib/python3/dist-packages/werkzeug/serving.py", line 104, in make_environ
    request_url = url_parse(self.path)
  File "/usr/lib/python3/dist-packages/werkzeug/urls.py", line 418, in url_parse
    scheme = s('')
SystemError: unknown opcode
Traceback (most recent call last):
  File "/usr/lib/python3.5/socketserver.py", line 625, in process_request_thread
    self.finish_request(request, client_address)
  File "/usr/lib/python3.5/socketserver.py", line 354, in finish_request
    self.RequestHandlerClass(request, client_address, self)
  File "/usr/lib/python3.5/socketserver.py", line 681, in __init__
    self.handle()
  File "/usr/lib/python3/dist-packages/werkzeug/serving.py", line 228, in handle
    rv = BaseHTTPRequestHandler.handle(self)
  File "/usr/lib/python3.5/http/server.py", line 422, in handle
    self.handle_one_request()
  File "/usr/lib/python3/dist-packages/werkzeug/serving.py", line 263, in handle_one_request
    return self.run_wsgi()
  File "/usr/lib/python3/dist-packages/werkzeug/serving.py", line 149, in run_wsgi
    self.environ = environ = self.make_environ()
  File "/usr/lib/python3/dist-packages/werkzeug/serving.py", line 104, in make_environ
    request_url = url_parse(self.path)
  File "/usr/lib/python3/dist-packages/werkzeug/urls.py", line 418, in url_parse
    scheme = s('')
SystemError: unknown opcode
Traceback (most recent call last):
  File "/usr/lib/python3.5/socketserver.py", line 625, in process_request_thread
    self.finish_request(request, client_address)
  File "/usr/lib/python3.5/socketserver.py", line 354, in finish_request
    self.RequestHandlerClass(request, client_address, self)
  File "/usr/lib/python3.5/socketserver.py", line 681, in __init__
    self.handle()
  File "/usr/lib/python3/dist-packages/werkzeug/serving.py", line 228, in handle
    rv = BaseHTTPRequestHandler.handle(self)
  File "/usr/lib/python3.5/http/server.py", line 422, in handle
    self.handle_one_request()
  File "/usr/lib/python3/dist-packages/werkzeug/serving.py", line 263, in handle_one_request
    return self.run_wsgi()
  File "/usr/lib/python3/dist-packages/werkzeug/serving.py", line 149, in run_wsgi
    self.environ = environ = self.make_environ()
  File "/usr/lib/python3/dist-packages/werkzeug/serving.py", line 104, in make_environ
    request_url = url_parse(self.path)
  File "/usr/lib/python3/dist-packages/werkzeug/urls.py", line 418, in url_parse
    scheme = s('')
SystemError: unknown opcode
Traceback (most recent call last):
  File "/usr/lib/python3.5/socketserver.py", line 625, in process_request_thread
    self.finish_request(request, client_address)
  File "/usr/lib/python3.5/socketserver.py", line 354, in finish_request
    self.RequestHandlerClass(request, client_address, self)
  File "/usr/lib/python3.5/socketserver.py", line 681, in __init__
    self.handle()
  File "/usr/lib/python3/dist-packages/werkzeug/serving.py", line 228, in handle
    rv = BaseHTTPRequestHandler.handle(self)
  File "/usr/lib/python3.5/http/server.py", line 422, in handle
    self.handle_one_request()
  File "/usr/lib/python3/dist-packages/werkzeug/serving.py", line 263, in handle_one_request
    return self.run_wsgi()
  File "/usr/lib/python3/dist-packages/werkzeug/serving.py", line 149, in run_wsgi
    self.environ = environ = self.make_environ()
  File "/usr/lib/python3/dist-packages/werkzeug/serving.py", line 104, in make_environ
    request_url = url_parse(self.path)
  File "/usr/lib/python3/dist-packages/werkzeug/urls.py", line 418, in url_parse
    scheme = s('')
SystemError: unknown opcode
Traceback (most recent call last):
  File "/usr/lib/python3.5/socketserver.py", line 625, in process_request_thread
    self.finish_request(request, client_address)
  File "/usr/lib/python3.5/socketserver.py", line 354, in finish_request
    self.RequestHandlerClass(request, client_address, self)
  File "/usr/lib/python3.5/socketserver.py", line 681, in __init__
    self.handle()
  File "/usr/lib/python3/dist-packages/werkzeug/serving.py", line 228, in handle
    rv = BaseHTTPRequestHandler.handle(self)
  File "/usr/lib/python3.5/http/server.py", line 422, in handle
    self.handle_one_request()
  File "/usr/lib/python3/dist-packages/werkzeug/serving.py", line 263, in handle_one_request
    return self.run_wsgi()
  File "/usr/lib/python3/dist-packages/werkzeug/serving.py", line 149, in run_wsgi
    self.environ = environ = self.make_environ()
  File "/usr/lib/python3/dist-packages/werkzeug/serving.py", line 104, in make_environ
    request_url = url_parse(self.path)
  File "/usr/lib/python3/dist-packages/werkzeug/urls.py", line 418, in url_parse
    scheme = s('')
SystemError: unknown opcode
Traceback (most recent call last):
  File "/usr/lib/python3.5/socketserver.py", line 625, in process_request_thread
    self.finish_request(request, client_address)
  File "/usr/lib/python3.5/socketserver.py", line 354, in finish_request
    self.RequestHandlerClass(request, client_address, self)
  File "/usr/lib/python3.5/socketserver.py", line 681, in __init__
    self.handle()
  File "/usr/lib/python3/dist-packages/werkzeug/serving.py", line 228, in handle
    rv = BaseHTTPRequestHandler.handle(self)
  File "/usr/lib/python3.5/http/server.py", line 422, in handle
    self.handle_one_request()
  File "/usr/lib/python3/dist-packages/werkzeug/serving.py", line 263, in handle_one_request
    return self.run_wsgi()
  File "/usr/lib/python3/dist-packages/werkzeug/serving.py", line 149, in run_wsgi
    self.environ = environ = self.make_environ()
  File "/usr/lib/python3/dist-packages/werkzeug/serving.py", line 104, in make_environ
    request_url = url_parse(self.path)
  File "/usr/lib/python3/dist-packages/werkzeug/urls.py", line 418, in url_parse
    scheme = s('')
SystemError: unknown opcode
Traceback (most recent call last):
  File "/usr/lib/python3.5/socketserver.py", line 625, in process_request_thread
    self.finish_request(request, client_address)
  File "/usr/lib/python3.5/socketserver.py", line 354, in finish_request
    self.RequestHandlerClass(request, client_address, self)
  File "/usr/lib/python3.5/socketserver.py", line 681, in __init__
    self.handle()
  File "/usr/lib/python3/dist-packages/werkzeug/serving.py", line 228, in handle
    rv = BaseHTTPRequestHandler.handle(self)
  File "/usr/lib/python3.5/http/server.py", line 422, in handle
    self.handle_one_request()
  File "/usr/lib/python3/dist-packages/werkzeug/serving.py", line 263, in handle_one_request
    return self.run_wsgi()
  File "/usr/lib/python3/dist-packages/werkzeug/serving.py", line 149, in run_wsgi
    self.environ = environ = self.make_environ()
  File "/usr/lib/python3/dist-packages/werkzeug/serving.py", line 104, in make_environ
    request_url = url_parse(self.path)
  File "/usr/lib/python3/dist-packages/werkzeug/urls.py", line 418, in url_parse
    scheme = s('')
SystemError: unknown opcode
Traceback (most recent call last):
  File "/usr/lib/python3.5/socketserver.py", line 625, in process_request_thread
    self.finish_request(request, client_address)
  File "/usr/lib/python3.5/socketserver.py", line 354, in finish_request
    self.RequestHandlerClass(request, client_address, self)
  File "/usr/lib/python3.5/socketserver.py", line 681, in __init__
    self.handle()
  File "/usr/lib/python3/dist-packages/werkzeug/serving.py", line 228, in handle
    rv = BaseHTTPRequestHandler.handle(self)
  File "/usr/lib/python3.5/http/server.py", line 422, in handle
    self.handle_one_request()
  File "/usr/lib/python3/dist-packages/werkzeug/serving.py", line 263, in handle_one_request
    return self.run_wsgi()
  File "/usr/lib/python3/dist-packages/werkzeug/serving.py", line 149, in run_wsgi
    self.environ = environ = self.make_environ()
  File "/usr/lib/python3/dist-packages/werkzeug/serving.py", line 104, in make_environ
    request_url = url_parse(self.path)
XXX lineno: 418, opcode: 114
XXX lineno: 418, opcode: 114
XXX lineno: 418, opcode: 114
XXX lineno: 418, opcode: 114
XXX lineno: 418, opcode: 114
XXX lineno: 418, opcode: 114
XXX lineno: 418, opcode: 114
XXX lineno: 418, opcode: 114
  File "/usr/lib/python3/dist-packages/werkzeug/urls.py", line 418, in url_parse
    scheme = s('')
SystemError: unknown opcode
Traceback (most recent call last):
  File "/usr/lib/python3.5/socketserver.py", line 625, in process_request_thread
    self.finish_request(request, client_address)
  File "/usr/lib/python3.5/socketserver.py", line 354, in finish_request
    self.RequestHandlerClass(request, client_address, self)
  File "/usr/lib/python3.5/socketserver.py", line 681, in __init__
    self.handle()
  File "/usr/lib/python3/dist-packages/werkzeug/serving.py", line 228, in handle
    rv = BaseHTTPRequestHandler.handle(self)
  File "/usr/lib/python3.5/http/server.py", line 422, in handle
    self.handle_one_request()
  File "/usr/lib/python3/dist-packages/werkzeug/serving.py", line 263, in handle_one_request
    return self.run_wsgi()
  File "/usr/lib/python3/dist-packages/werkzeug/serving.py", line 149, in run_wsgi
    self.environ = environ = self.make_environ()
  File "/usr/lib/python3/dist-packages/werkzeug/serving.py", line 104, in make_environ
    request_url = url_parse(self.path)
  File "/usr/lib/python3/dist-packages/werkzeug/urls.py", line 418, in url_parse
    scheme = s('')
SystemError: unknown opcode
Traceback (most recent call last):
  File "/usr/lib/python3.5/socketserver.py", line 625, in process_request_thread
    self.finish_request(request, client_address)
  File "/usr/lib/python3.5/socketserver.py", line 354, in finish_request
    self.RequestHandlerClass(request, client_address, self)
  File "/usr/lib/python3.5/socketserver.py", line 681, in __init__
    self.handle()
  File "/usr/lib/python3/dist-packages/werkzeug/serving.py", line 228, in handle
    rv = BaseHTTPRequestHandler.handle(self)
  File "/usr/lib/python3.5/http/server.py", line 422, in handle
    self.handle_one_request()
  File "/usr/lib/python3/dist-packages/werkzeug/serving.py", line 263, in handle_one_request
    return self.run_wsgi()
  File "/usr/lib/python3/dist-packages/werkzeug/serving.py", line 149, in run_wsgi
    self.environ = environ = self.make_environ()
  File "/usr/lib/python3/dist-packages/werkzeug/serving.py", line 104, in make_environ
    request_url = url_parse(self.path)
  File "/usr/lib/python3/dist-packages/werkzeug/urls.py", line 418, in url_parse
    scheme = s('')
SystemError: unknown opcode
Traceback (most recent call last):
  File "/usr/lib/python3.5/socketserver.py", line 625, in process_request_thread
    self.finish_request(request, client_address)
  File "/usr/lib/python3.5/socketserver.py", line 354, in finish_request
    self.RequestHandlerClass(request, client_address, self)
  File "/usr/lib/python3.5/socketserver.py", line 681, in __init__
    self.handle()
  File "/usr/lib/python3/dist-packages/werkzeug/serving.py", line 228, in handle
    rv = BaseHTTPRequestHandler.handle(self)
  File "/usr/lib/python3.5/http/server.py", line 422, in handle
    self.handle_one_request()
  File "/usr/lib/python3/dist-packages/werkzeug/serving.py", line 263, in handle_one_request
    return self.run_wsgi()
  File "/usr/lib/python3/dist-packages/werkzeug/serving.py", line 149, in run_wsgi
    self.environ = environ = self.make_environ()
  File "/usr/lib/python3/dist-packages/werkzeug/serving.py", line 104, in make_environ
    request_url = url_parse(self.path)
  File "/usr/lib/python3/dist-packages/werkzeug/urls.py", line 418, in url_parse
    scheme = s('')
SystemError: unknown opcode
Traceback (most recent call last):
  File "/usr/lib/python3.5/socketserver.py", line 625, in process_request_thread
    self.finish_request(request, client_address)
  File "/usr/lib/python3.5/socketserver.py", line 354, in finish_request
    self.RequestHandlerClass(request, client_address, self)
  File "/usr/lib/python3.5/socketserver.py", line 681, in __init__
    self.handle()
  File "/usr/lib/python3/dist-packages/werkzeug/serving.py", line 228, in handle
    rv = BaseHTTPRequestHandler.handle(self)
  File "/usr/lib/python3.5/http/server.py", line 422, in handle
    self.handle_one_request()
  File "/usr/lib/python3/dist-packages/werkzeug/serving.py", line 263, in handle_one_request
    return self.run_wsgi()
  File "/usr/lib/python3/dist-packages/werkzeug/serving.py", line 149, in run_wsgi
    self.environ = environ = self.make_environ()
  File "/usr/lib/python3/dist-packages/werkzeug/serving.py", line 104, in make_environ
    request_url = url_parse(self.path)
  File "/usr/lib/python3/dist-packages/werkzeug/urls.py", line 418, in url_parse
    scheme = s('')
SystemError: unknown opcode
Traceback (most recent call last):
  File "/usr/lib/python3.5/socketserver.py", line 625, in process_request_thread
    self.finish_request(request, client_address)
  File "/usr/lib/python3.5/socketserver.py", line 354, in finish_request
    self.RequestHandlerClass(request, client_address, self)
  File "/usr/lib/python3.5/socketserver.py", line 681, in __init__
    self.handle()
  File "/usr/lib/python3/dist-packages/werkzeug/serving.py", line 228, in handle
    rv = BaseHTTPRequestHandler.handle(self)
  File "/usr/lib/python3.5/http/server.py", line 422, in handle
    self.handle_one_request()
  File "/usr/lib/python3/dist-packages/werkzeug/serving.py", line 263, in handle_one_request
    return self.run_wsgi()
  File "/usr/lib/python3/dist-packages/werkzeug/serving.py", line 149, in run_wsgi
    self.environ = environ = self.make_environ()
  File "/usr/lib/python3/dist-packages/werkzeug/serving.py", line 104, in make_environ
    request_url = url_parse(self.path)
  File "/usr/lib/python3/dist-packages/werkzeug/urls.py", line 418, in url_parse
    scheme = s('')
SystemError: unknown opcode
Traceback (most recent call last):
  File "/usr/lib/python3.5/socketserver.py", line 625, in process_request_thread
    self.finish_request(request, client_address)
  File "/usr/lib/python3.5/socketserver.py", line 354, in finish_request
    self.RequestHandlerClass(request, client_address, self)
  File "/usr/lib/python3.5/socketserver.py", line 681, in __init__
    self.handle()
  File "/usr/lib/python3/dist-packages/werkzeug/serving.py", line 228, in handle
    rv = BaseHTTPRequestHandler.handle(self)
  File "/usr/lib/python3.5/http/server.py", line 422, in handle
    self.handle_one_request()
  File "/usr/lib/python3/dist-packages/werkzeug/serving.py", line 263, in handle_one_request
    return self.run_wsgi()
  File "/usr/lib/python3/dist-packages/werkzeug/serving.py", line 149, in run_wsgi
    self.environ = environ = self.make_environ()
  File "/usr/lib/python3/dist-packages/werkzeug/serving.py", line 104, in make_environ
    request_url = url_parse(self.path)
  File "/usr/lib/python3/dist-packages/werkzeug/urls.py", line 418, in url_parse
    scheme = s('')
SystemError: unknown opcode
Traceback (most recent call last):
  File "/usr/lib/python3.5/socketserver.py", line 625, in process_request_thread
    self.finish_request(request, client_address)
  File "/usr/lib/python3.5/socketserver.py", line 354, in finish_request
    self.RequestHandlerClass(request, client_address, self)
  File "/usr/lib/python3.5/socketserver.py", line 681, in __init__
    self.handle()
  File "/usr/lib/python3/dist-packages/werkzeug/serving.py", line 228, in handle
    rv = BaseHTTPRequestHandler.handle(self)
  File "/usr/lib/python3.5/http/server.py", line 422, in handle
    self.handle_one_request()
  File "/usr/lib/python3/dist-packages/werkzeug/serving.py", line 263, in handle_one_request
    return self.run_wsgi()
  File "/usr/lib/python3/dist-packages/werkzeug/serving.py", line 149, in run_wsgi
    self.environ = environ = self.make_environ()
  File "/usr/lib/python3/dist-packages/werkzeug/serving.py", line 104, in make_environ
    request_url = url_parse(self.path)
  File "/usr/lib/python3/dist-packages/werkzeug/urls.py", line 418, in url_parse
    scheme = s('')
SystemError: unknown opcode
Traceback (most recent call last):
  File "/usr/lib/python3.5/socketserver.py", line 625, in process_request_thread
    self.finish_request(request, client_address)
  File "/usr/lib/python3.5/socketserver.py", line 354, in finish_request
    self.RequestHandlerClass(request, client_address, self)
  File "/usr/lib/python3.5/socketserver.py", line 681, in __init__
    self.handle()
XXX lineno: 418, opcode: 114
XXX lineno: 418, opcode: 114
XXX lineno: 418, opcode: 114
XXX lineno: 418, opcode: 114
XXX lineno: 418, opcode: 114
XXX lineno: 418, opcode: 114
XXX lineno: 418, opcode: 114
  File "/usr/lib/python3/dist-packages/werkzeug/serving.py", line 228, in handle
    rv = BaseHTTPRequestHandler.handle(self)
  File "/usr/lib/python3.5/http/server.py", line 422, in handle
    self.handle_one_request()
  File "/usr/lib/python3/dist-packages/werkzeug/serving.py", line 263, in handle_one_request
    return self.run_wsgi()
  File "/usr/lib/python3/dist-packages/werkzeug/serving.py", line 149, in run_wsgi
    self.environ = environ = self.make_environ()
  File "/usr/lib/python3/dist-packages/werkzeug/serving.py", line 104, in make_environ
    request_url = url_parse(self.path)
  File "/usr/lib/python3/dist-packages/werkzeug/urls.py", line 418, in url_parse
    scheme = s('')
SystemError: unknown opcode
Traceback (most recent call last):
  File "/usr/lib/python3.5/socketserver.py", line 625, in process_request_thread
    self.finish_request(request, client_address)
  File "/usr/lib/python3.5/socketserver.py", line 354, in finish_request
    self.RequestHandlerClass(request, client_address, self)
  File "/usr/lib/python3.5/socketserver.py", line 681, in __init__
    self.handle()
  File "/usr/lib/python3/dist-packages/werkzeug/serving.py", line 228, in handle
    rv = BaseHTTPRequestHandler.handle(self)
  File "/usr/lib/python3.5/http/server.py", line 422, in handle
    self.handle_one_request()
  File "/usr/lib/python3/dist-packages/werkzeug/serving.py", line 263, in handle_one_request
    return self.run_wsgi()
  File "/usr/lib/python3/dist-packages/werkzeug/serving.py", line 149, in run_wsgi
    self.environ = environ = self.make_environ()
  File "/usr/lib/python3/dist-packages/werkzeug/serving.py", line 104, in make_environ
    request_url = url_parse(self.path)
  File "/usr/lib/python3/dist-packages/werkzeug/urls.py", line 418, in url_parse
    scheme = s('')
SystemError: unknown opcode
Traceback (most recent call last):
  File "/usr/lib/python3.5/socketserver.py", line 625, in process_request_thread
    self.finish_request(request, client_address)
  File "/usr/lib/python3.5/socketserver.py", line 354, in finish_request
    self.RequestHandlerClass(request, client_address, self)
  File "/usr/lib/python3.5/socketserver.py", line 681, in __init__
    self.handle()
  File "/usr/lib/python3/dist-packages/werkzeug/serving.py", line 228, in handle
    rv = BaseHTTPRequestHandler.handle(self)
  File "/usr/lib/python3.5/http/server.py", line 422, in handle
    self.handle_one_request()
  File "/usr/lib/python3/dist-packages/werkzeug/serving.py", line 263, in handle_one_request
    return self.run_wsgi()
  File "/usr/lib/python3/dist-packages/werkzeug/serving.py", line 149, in run_wsgi
    self.environ = environ = self.make_environ()
  File "/usr/lib/python3/dist-packages/werkzeug/serving.py", line 104, in make_environ
    request_url = url_parse(self.path)
  File "/usr/lib/python3/dist-packages/werkzeug/urls.py", line 418, in url_parse
    scheme = s('')
SystemError: unknown opcode
Traceback (most recent call last):
  File "/usr/lib/python3.5/socketserver.py", line 625, in process_request_thread
    self.finish_request(request, client_address)
  File "/usr/lib/python3.5/socketserver.py", line 354, in finish_request
    self.RequestHandlerClass(request, client_address, self)
  File "/usr/lib/python3.5/socketserver.py", line 681, in __init__
    self.handle()
  File "/usr/lib/python3/dist-packages/werkzeug/serving.py", line 228, in handle
    rv = BaseHTTPRequestHandler.handle(self)
  File "/usr/lib/python3.5/http/server.py", line 422, in handle
    self.handle_one_request()
  File "/usr/lib/python3/dist-packages/werkzeug/serving.py", line 263, in handle_one_request
    return self.run_wsgi()
  File "/usr/lib/python3/dist-packages/werkzeug/serving.py", line 149, in run_wsgi
    self.environ = environ = self.make_environ()
  File "/usr/lib/python3/dist-packages/werkzeug/serving.py", line 104, in make_environ
    request_url = url_parse(self.path)
  File "/usr/lib/python3/dist-packages/werkzeug/urls.py", line 418, in url_parse
    scheme = s('')
SystemError: unknown opcode
Traceback (most recent call last):
  File "/usr/lib/python3.5/socketserver.py", line 625, in process_request_thread
    self.finish_request(request, client_address)
  File "/usr/lib/python3.5/socketserver.py", line 354, in finish_request
    self.RequestHandlerClass(request, client_address, self)
  File "/usr/lib/python3.5/socketserver.py", line 681, in __init__
    self.handle()
  File "/usr/lib/python3/dist-packages/werkzeug/serving.py", line 228, in handle
    rv = BaseHTTPRequestHandler.handle(self)
  File "/usr/lib/python3.5/http/server.py", line 422, in handle
    self.handle_one_request()
  File "/usr/lib/python3/dist-packages/werkzeug/serving.py", line 263, in handle_one_request
    return self.run_wsgi()
  File "/usr/lib/python3/dist-packages/werkzeug/serving.py", line 149, in run_wsgi
    self.environ = environ = self.make_environ()
  File "/usr/lib/python3/dist-packages/werkzeug/serving.py", line 104, in make_environ
    request_url = url_parse(self.path)
  File "/usr/lib/python3/dist-packages/werkzeug/urls.py", line 418, in url_parse
    scheme = s('')
SystemError: unknown opcode
Traceback (most recent call last):
  File "/usr/lib/python3.5/socketserver.py", line 625, in process_request_thread
    self.finish_request(request, client_address)
  File "/usr/lib/python3.5/socketserver.py", line 354, in finish_request
    self.RequestHandlerClass(request, client_address, self)
  File "/usr/lib/python3.5/socketserver.py", line 681, in __init__
    self.handle()
  File "/usr/lib/python3/dist-packages/werkzeug/serving.py", line 228, in handle
    rv = BaseHTTPRequestHandler.handle(self)
  File "/usr/lib/python3.5/http/server.py", line 422, in handle
    self.handle_one_request()
  File "/usr/lib/python3/dist-packages/werkzeug/serving.py", line 263, in handle_one_request
    return self.run_wsgi()
  File "/usr/lib/python3/dist-packages/werkzeug/serving.py", line 149, in run_wsgi
    self.environ = environ = self.make_environ()
  File "/usr/lib/python3/dist-packages/werkzeug/serving.py", line 104, in make_environ
    request_url = url_parse(self.path)
  File "/usr/lib/python3/dist-packages/werkzeug/urls.py", line 418, in url_parse
    scheme = s('')
SystemError: unknown opcode
Traceback (most recent call last):
  File "/usr/lib/python3.5/socketserver.py", line 625, in process_request_thread
    self.finish_request(request, client_address)
  File "/usr/lib/python3.5/socketserver.py", line 354, in finish_request
    self.RequestHandlerClass(request, client_address, self)
  File "/usr/lib/python3.5/socketserver.py", line 681, in __init__
    self.handle()
  File "/usr/lib/python3/dist-packages/werkzeug/serving.py", line 228, in handle
    rv = BaseHTTPRequestHandler.handle(self)
  File "/usr/lib/python3.5/http/server.py", line 422, in handle
    self.handle_one_request()
  File "/usr/lib/python3/dist-packages/werkzeug/serving.py", line 263, in handle_one_request
    return self.run_wsgi()
  File "/usr/lib/python3/dist-packages/werkzeug/serving.py", line 149, in run_wsgi
    self.environ = environ = self.make_environ()
  File "/usr/lib/python3/dist-packages/werkzeug/serving.py", line 104, in make_environ
    request_url = url_parse(self.path)
  File "/usr/lib/python3/dist-packages/werkzeug/urls.py", line 418, in url_parse
    scheme = s('')
SystemError: unknown opcode
Traceback (most recent call last):
  File "/usr/lib/python3.5/socketserver.py", line 625, in process_request_thread
    self.finish_request(request, client_address)
  File "/usr/lib/python3.5/socketserver.py", line 354, in finish_request
    self.RequestHandlerClass(request, client_address, self)
  File "/usr/lib/python3.5/socketserver.py", line 681, in __init__
    self.handle()
  File "/usr/lib/python3/dist-packages/werkzeug/serving.py", line 228, in handle
    rv = BaseHTTPRequestHandler.handle(self)
  File "/usr/lib/python3.5/http/server.py", line 422, in handle
    self.handle_one_request()
  File "/usr/lib/python3/dist-packages/werkzeug/serving.py", line 263, in handle_one_request
    return self.run_wsgi()
  File "/usr/lib/python3/dist-packages/werkzeug/serving.py", line 149, in run_wsgi
    self.environ = environ = self.make_environ()
XXX lineno: 418, opcode: 114
XXX lineno: 418, opcode: 114
XXX lineno: 418, opcode: 114
XXX lineno: 418, opcode: 114
XXX lineno: 418, opcode: 114
XXX lineno: 418, opcode: 114
XXX lineno: 418, opcode: 114
XXX lineno: 418, opcode: 114
  File "/usr/lib/python3/dist-packages/werkzeug/serving.py", line 104, in make_environ
    request_url = url_parse(self.path)
  File "/usr/lib/python3/dist-packages/werkzeug/urls.py", line 418, in url_parse
    scheme = s('')
SystemError: unknown opcode
Traceback (most recent call last):
  File "/usr/lib/python3.5/socketserver.py", line 625, in process_request_thread
    self.finish_request(request, client_address)
  File "/usr/lib/python3.5/socketserver.py", line 354, in finish_request
    self.RequestHandlerClass(request, client_address, self)
  File "/usr/lib/python3.5/socketserver.py", line 681, in __init__
    self.handle()
  File "/usr/lib/python3/dist-packages/werkzeug/serving.py", line 228, in handle
    rv = BaseHTTPRequestHandler.handle(self)
  File "/usr/lib/python3.5/http/server.py", line 422, in handle
    self.handle_one_request()
  File "/usr/lib/python3/dist-packages/werkzeug/serving.py", line 263, in handle_one_request
    return self.run_wsgi()
  File "/usr/lib/python3/dist-packages/werkzeug/serving.py", line 149, in run_wsgi
    self.environ = environ = self.make_environ()
  File "/usr/lib/python3/dist-packages/werkzeug/serving.py", line 104, in make_environ
    request_url = url_parse(self.path)
  File "/usr/lib/python3/dist-packages/werkzeug/urls.py", line 418, in url_parse
    scheme = s('')
SystemError: unknown opcode
Traceback (most recent call last):
  File "/usr/lib/python3.5/socketserver.py", line 625, in process_request_thread
    self.finish_request(request, client_address)
  File "/usr/lib/python3.5/socketserver.py", line 354, in finish_request
    self.RequestHandlerClass(request, client_address, self)
  File "/usr/lib/python3.5/socketserver.py", line 681, in __init__
    self.handle()
  File "/usr/lib/python3/dist-packages/werkzeug/serving.py", line 228, in handle
    rv = BaseHTTPRequestHandler.handle(self)
  File "/usr/lib/python3.5/http/server.py", line 422, in handle
    self.handle_one_request()
  File "/usr/lib/python3/dist-packages/werkzeug/serving.py", line 263, in handle_one_request
    return self.run_wsgi()
  File "/usr/lib/python3/dist-packages/werkzeug/serving.py", line 149, in run_wsgi
    self.environ = environ = self.make_environ()
  File "/usr/lib/python3/dist-packages/werkzeug/serving.py", line 104, in make_environ
    request_url = url_parse(self.path)
  File "/usr/lib/python3/dist-packages/werkzeug/urls.py", line 418, in url_parse
    scheme = s('')
SystemError: unknown opcode
Traceback (most recent call last):
  File "/usr/lib/python3.5/socketserver.py", line 625, in process_request_thread
    self.finish_request(request, client_address)
  File "/usr/lib/python3.5/socketserver.py", line 354, in finish_request
    self.RequestHandlerClass(request, client_address, self)
  File "/usr/lib/python3.5/socketserver.py", line 681, in __init__
    self.handle()
  File "/usr/lib/python3/dist-packages/werkzeug/serving.py", line 228, in handle
    rv = BaseHTTPRequestHandler.handle(self)
  File "/usr/lib/python3.5/http/server.py", line 422, in handle
    self.handle_one_request()
  File "/usr/lib/python3/dist-packages/werkzeug/serving.py", line 263, in handle_one_request
    return self.run_wsgi()
  File "/usr/lib/python3/dist-packages/werkzeug/serving.py", line 149, in run_wsgi
    self.environ = environ = self.make_environ()
  File "/usr/lib/python3/dist-packages/werkzeug/serving.py", line 104, in make_environ
    request_url = url_parse(self.path)
  File "/usr/lib/python3/dist-packages/werkzeug/urls.py", line 418, in url_parse
    scheme = s('')
SystemError: unknown opcode
Traceback (most recent call last):
  File "/usr/lib/python3.5/socketserver.py", line 625, in process_request_thread
    self.finish_request(request, client_address)
  File "/usr/lib/python3.5/socketserver.py", line 354, in finish_request
    self.RequestHandlerClass(request, client_address, self)
  File "/usr/lib/python3.5/socketserver.py", line 681, in __init__
    self.handle()
  File "/usr/lib/python3/dist-packages/werkzeug/serving.py", line 228, in handle
    rv = BaseHTTPRequestHandler.handle(self)
  File "/usr/lib/python3.5/http/server.py", line 422, in handle
    self.handle_one_request()
  File "/usr/lib/python3/dist-packages/werkzeug/serving.py", line 263, in handle_one_request
    return self.run_wsgi()
  File "/usr/lib/python3/dist-packages/werkzeug/serving.py", line 149, in run_wsgi
    self.environ = environ = self.make_environ()
  File "/usr/lib/python3/dist-packages/werkzeug/serving.py", line 104, in make_environ
    request_url = url_parse(self.path)
  File "/usr/lib/python3/dist-packages/werkzeug/urls.py", line 418, in url_parse
    scheme = s('')
SystemError: unknown opcode
Traceback (most recent call last):
  File "/usr/lib/python3.5/socketserver.py", line 625, in process_request_thread
    self.finish_request(request, client_address)
  File "/usr/lib/python3.5/socketserver.py", line 354, in finish_request
    self.RequestHandlerClass(request, client_address, self)
  File "/usr/lib/python3.5/socketserver.py", line 681, in __init__
    self.handle()
  File "/usr/lib/python3/dist-packages/werkzeug/serving.py", line 228, in handle
    rv = BaseHTTPRequestHandler.handle(self)
  File "/usr/lib/python3.5/http/server.py", line 422, in handle
    self.handle_one_request()
  File "/usr/lib/python3/dist-packages/werkzeug/serving.py", line 263, in handle_one_request
    return self.run_wsgi()
  File "/usr/lib/python3/dist-packages/werkzeug/serving.py", line 149, in run_wsgi
    self.environ = environ = self.make_environ()
  File "/usr/lib/python3/dist-packages/werkzeug/serving.py", line 104, in make_environ
    request_url = url_parse(self.path)
  File "/usr/lib/python3/dist-packages/werkzeug/urls.py", line 418, in url_parse
    scheme = s('')
SystemError: unknown opcode
Traceback (most recent call last):
  File "/usr/lib/python3.5/socketserver.py", line 625, in process_request_thread
    self.finish_request(request, client_address)
  File "/usr/lib/python3.5/socketserver.py", line 354, in finish_request
    self.RequestHandlerClass(request, client_address, self)
  File "/usr/lib/python3.5/socketserver.py", line 681, in __init__
    self.handle()
  File "/usr/lib/python3/dist-packages/werkzeug/serving.py", line 228, in handle
    rv = BaseHTTPRequestHandler.handle(self)
  File "/usr/lib/python3.5/http/server.py", line 422, in handle
    self.handle_one_request()
  File "/usr/lib/python3/dist-packages/werkzeug/serving.py", line 263, in handle_one_request
    return self.run_wsgi()
  File "/usr/lib/python3/dist-packages/werkzeug/serving.py", line 149, in run_wsgi
    self.environ = environ = self.make_environ()
  File "/usr/lib/python3/dist-packages/werkzeug/serving.py", line 104, in make_environ
    request_url = url_parse(self.path)
  File "/usr/lib/python3/dist-packages/werkzeug/urls.py", line 418, in url_parse
    scheme = s('')
SystemError: unknown opcode
Traceback (most recent call last):
  File "/usr/lib/python3.5/socketserver.py", line 625, in process_request_thread
    self.finish_request(request, client_address)
  File "/usr/lib/python3.5/socketserver.py", line 354, in finish_request
    self.RequestHandlerClass(request, client_address, self)
  File "/usr/lib/python3.5/socketserver.py", line 681, in __init__
    self.handle()
  File "/usr/lib/python3/dist-packages/werkzeug/serving.py", line 228, in handle
    rv = BaseHTTPRequestHandler.handle(self)
  File "/usr/lib/python3.5/http/server.py", line 422, in handle
    self.handle_one_request()
  File "/usr/lib/python3/dist-packages/werkzeug/serving.py", line 263, in handle_one_request
    return self.run_wsgi()
  File "/usr/lib/python3/dist-packages/werkzeug/serving.py", line 149, in run_wsgi
    self.environ = environ = self.make_environ()
  File "/usr/lib/python3/dist-packages/werkzeug/serving.py", line 104, in make_environ
    request_url = url_parse(self.path)
  File "/usr/lib/python3/dist-packages/werkzeug/urls.py", line 418, in url_parse
    scheme = s('')
SystemError: unknown opcode
Traceback (most recent call last):
  File "/usr/lib/python3.5/socketserver.py", line 625, in process_request_thread
    self.finish_request(request, client_address)
  File "/usr/lib/python3.5/socketserver.py", line 354, in finish_request
    self.RequestHandlerClass(request, client_address, self)
XXX lineno: 418, opcode: 114
XXX lineno: 418, opcode: 114
XXX lineno: 418, opcode: 114
XXX lineno: 418, opcode: 114
XXX lineno: 418, opcode: 114
XXX lineno: 418, opcode: 114
 * Running on http://192.168.2.3:5003/ (Press CTRL+C to quit)
192.168.2.2 - - [03/Apr/2019 06:09:44] "GET / HTTP/1.1" 302 -
/home/pi/weight_log/weight_register/utils/led_utils.py:8: RuntimeWarning: This channel is already in use, continuing anyway.  Use GPIO.setwarnings(False) to disable warnings.
  GPIO.setup(self.led, GPIO.OUT)
192.168.2.2 - - [03/Apr/2019 06:09:44] "GET /weight/register HTTP/1.1" 200 -
192.168.2.2 - - [03/Apr/2019 06:09:44] "GET /static/css/main.css HTTP/1.1" 200 -
192.168.2.2 - - [03/Apr/2019 06:10:02] "POST /weight/register HTTP/1.1" 201 -
192.168.2.2 - - [03/Apr/2019 06:10:04] "GET /weight/register HTTP/1.1" 200 -
 * Running on http://192.168.2.3:5003/ (Press CTRL+C to quit)
192.168.2.2 - - [04/Apr/2019 16:09:23] "GET / HTTP/1.1" 302 -
192.168.2.2 - - [04/Apr/2019 16:09:24] "GET /weight/register HTTP/1.1" 200 -
192.168.2.2 - - [04/Apr/2019 16:09:24] "GET /static/css/main.css HTTP/1.1" 304 -
192.168.2.2 - - [04/Apr/2019 16:09:27] "POST /weight/register HTTP/1.1" 201 -
192.168.2.2 - - [04/Apr/2019 16:09:28] "GET /weight/register HTTP/1.1" 200 -
192.168.2.31 - - [08/Apr/2019 05:32:23] "GET / HTTP/1.1" 302 -
192.168.2.31 - - [08/Apr/2019 05:32:23] "GET /weight/register HTTP/1.1" 200 -
192.168.2.31 - - [08/Apr/2019 05:32:23] "GET /static/css/main.css HTTP/1.1" 200 -
192.168.2.31 - - [08/Apr/2019 05:32:23] "GET /favicon.ico HTTP/1.1" 404 -
192.168.2.31 - - [08/Apr/2019 05:32:26] "POST /weight/register HTTP/1.1" 201 -
192.168.2.31 - - [08/Apr/2019 05:32:27] "GET /weight/register HTTP/1.1" 200 -
 * Running on http://192.168.2.3:5003/ (Press CTRL+C to quit)
192.168.2.31 - - [09/Apr/2019 05:18:45] "GET / HTTP/1.1" 302 -
192.168.2.31 - - [09/Apr/2019 05:18:45] "GET /weight/register HTTP/1.1" 200 -
192.168.2.31 - - [09/Apr/2019 05:18:45] "GET /static/css/main.css HTTP/1.1" 200 -
192.168.2.31 - - [09/Apr/2019 05:18:46] "GET /favicon.ico HTTP/1.1" 404 -
192.168.2.31 - - [09/Apr/2019 05:18:51] "POST /weight/register HTTP/1.1" 201 -
192.168.2.31 - - [09/Apr/2019 05:18:52] "GET /weight/register HTTP/1.1" 200 -
192.168.2.31 - - [10/Apr/2019 05:37:30] "GET / HTTP/1.1" 302 -
192.168.2.31 - - [10/Apr/2019 05:37:33] "GET /weight/register HTTP/1.1" 200 -
192.168.2.31 - - [10/Apr/2019 05:37:33] "GET /static/css/main.css HTTP/1.1" 304 -
192.168.2.31 - - [10/Apr/2019 05:37:33] "GET /favicon.ico HTTP/1.1" 404 -
192.168.2.31 - - [10/Apr/2019 05:37:37] "POST /weight/register HTTP/1.1" 201 -
192.168.2.31 - - [10/Apr/2019 05:37:38] "GET /weight/register HTTP/1.1" 200 -
192.168.2.31 - - [12/Apr/2019 03:53:25] "GET / HTTP/1.1" 302 -
192.168.2.31 - - [12/Apr/2019 03:53:26] "GET /weight/register HTTP/1.1" 200 -
192.168.2.31 - - [12/Apr/2019 03:53:26] "GET /static/css/main.css HTTP/1.1" 200 -
192.168.2.31 - - [12/Apr/2019 03:53:27] "GET /favicon.ico HTTP/1.1" 404 -
192.168.2.31 - - [12/Apr/2019 03:53:30] "POST /weight/register HTTP/1.1" 201 -
192.168.2.31 - - [12/Apr/2019 03:53:31] "GET /weight/register HTTP/1.1" 200 -
192.168.2.31 - - [12/Apr/2019 04:37:43] "GET / HTTP/1.1" 302 -
192.168.2.31 - - [12/Apr/2019 04:37:43] "GET /weight/register HTTP/1.1" 200 -
192.168.2.31 - - [12/Apr/2019 04:37:48] "POST /weight/register HTTP/1.1" 201 -
192.168.2.31 - - [12/Apr/2019 04:37:49] "GET /weight/register HTTP/1.1" 200 -
192.168.2.31 - - [13/Apr/2019 07:28:06] "GET / HTTP/1.1" 302 -
192.168.2.31 - - [13/Apr/2019 07:28:10] "GET /weight/register HTTP/1.1" 200 -
192.168.2.31 - - [13/Apr/2019 07:28:10] "GET /static/css/main.css HTTP/1.1" 304 -
192.168.2.31 - - [13/Apr/2019 07:28:13] "POST /weight/register HTTP/1.1" 201 -
192.168.2.31 - - [13/Apr/2019 07:28:14] "GET /weight/register HTTP/1.1" 200 -
192.168.2.31 - - [14/Apr/2019 16:52:21] "GET / HTTP/1.1" 302 -
192.168.2.31 - - [14/Apr/2019 16:52:22] "GET / HTTP/1.1" 302 -
192.168.2.31 - - [14/Apr/2019 16:52:24] "GET /weight/register HTTP/1.1" 200 -
192.168.2.31 - - [14/Apr/2019 16:52:24] "GET /weight/register HTTP/1.1" 200 -
192.168.2.31 - - [14/Apr/2019 16:52:24] "GET /static/css/main.css HTTP/1.1" 304 -
192.168.2.31 - - [14/Apr/2019 16:52:27] "POST /weight/register HTTP/1.1" 201 -
192.168.2.31 - - [14/Apr/2019 16:52:29] "GET /weight/register HTTP/1.1" 200 -
192.168.2.25 - - [15/Apr/2019 18:55:20] "GET / HTTP/1.1" 302 -
192.168.2.25 - - [15/Apr/2019 18:55:20] "GET /weight/register HTTP/1.1" 200 -
192.168.2.25 - - [15/Apr/2019 18:55:20] "GET /static/css/main.css HTTP/1.1" 304 -
192.168.2.25 - - [16/Apr/2019 05:02:39] "GET / HTTP/1.1" 302 -
192.168.2.25 - - [16/Apr/2019 05:02:42] "GET /weight/register HTTP/1.1" 200 -
192.168.2.25 - - [16/Apr/2019 05:02:43] "GET /favicon.ico HTTP/1.1" 404 -
192.168.2.25 - - [16/Apr/2019 05:02:47] "POST /weight/register HTTP/1.1" 201 -
192.168.2.25 - - [16/Apr/2019 05:02:48] "GET /weight/register HTTP/1.1" 200 -
192.168.2.25 - - [19/Apr/2019 06:22:23] "GET / HTTP/1.1" 302 -
192.168.2.25 - - [19/Apr/2019 06:22:26] "GET /weight/register HTTP/1.1" 200 -
192.168.2.25 - - [19/Apr/2019 06:22:26] "GET /static/css/main.css HTTP/1.1" 200 -
192.168.2.25 - - [19/Apr/2019 06:22:31] "POST /weight/register HTTP/1.1" 201 -
192.168.2.25 - - [19/Apr/2019 06:22:32] "GET /weight/register HTTP/1.1" 200 -
192.168.2.25 - - [20/Apr/2019 06:59:40] "GET / HTTP/1.1" 302 -
192.168.2.25 - - [20/Apr/2019 06:59:40] "GET / HTTP/1.1" 302 -
192.168.2.25 - - [20/Apr/2019 06:59:43] "GET /weight/register HTTP/1.1" 200 -
192.168.2.25 - - [20/Apr/2019 06:59:43] "GET /weight/register HTTP/1.1" 200 -
192.168.2.25 - - [20/Apr/2019 06:59:43] "GET /static/css/main.css HTTP/1.1" 304 -
192.168.2.25 - - [20/Apr/2019 06:59:47] "POST /weight/register HTTP/1.1" 201 -
192.168.2.25 - - [20/Apr/2019 06:59:48] "GET /weight/register HTTP/1.1" 200 -
192.168.2.25 - - [21/Apr/2019 06:47:38] "GET / HTTP/1.1" 302 -
192.168.2.25 - - [21/Apr/2019 06:47:39] "GET / HTTP/1.1" 302 -
192.168.2.25 - - [21/Apr/2019 06:47:41] "GET /weight/register HTTP/1.1" 200 -
192.168.2.25 - - [21/Apr/2019 06:47:41] "GET /weight/register HTTP/1.1" 200 -
192.168.2.25 - - [21/Apr/2019 06:47:41] "GET /static/css/main.css HTTP/1.1" 304 -
192.168.2.25 - - [21/Apr/2019 06:47:45] "POST /weight/register HTTP/1.1" 201 -
192.168.2.25 - - [21/Apr/2019 06:47:47] "GET /weight/register HTTP/1.1" 200 -
192.168.2.25 - - [22/Apr/2019 12:17:17] "GET / HTTP/1.1" 302 -
192.168.2.25 - - [22/Apr/2019 12:17:17] "GET /weight/register HTTP/1.1" 200 -
192.168.2.25 - - [22/Apr/2019 12:17:17] "GET /static/css/main.css HTTP/1.1" 304 -
192.168.2.25 - - [22/Apr/2019 12:17:21] "POST /weight/register HTTP/1.1" 201 -
192.168.2.25 - - [22/Apr/2019 12:17:22] "GET /weight/register HTTP/1.1" 200 -
192.168.2.25 - - [22/Apr/2019 12:17:23] "GET /weight/history HTTP/1.1" 200 -
192.168.2.25 - - [22/Apr/2019 12:17:23] "GET /static/js/chart-config.js HTTP/1.1" 200 -
192.168.2.25 - - [22/Apr/2019 12:17:27] "GET /weight/historydays?amount=99 HTTP/1.1" 200 -
192.168.2.25 - - [22/Apr/2019 12:17:27] "GET /weight/historydays?amount=99 HTTP/1.1" 200 -
192.168.2.25 - - [22/Apr/2019 12:17:36] "GET /weight/historyweeks?amount=99 HTTP/1.1" 200 -
192.168.2.25 - - [22/Apr/2019 12:18:14] "GET /weight/historydays?amount=99 HTTP/1.1" 200 -
192.168.2.25 - - [23/Apr/2019 09:00:30] "GET / HTTP/1.1" 302 -
192.168.2.25 - - [23/Apr/2019 09:00:33] "GET /weight/register HTTP/1.1" 200 -
192.168.2.25 - - [23/Apr/2019 09:00:33] "GET /static/css/main.css HTTP/1.1" 200 -
192.168.2.25 - - [23/Apr/2019 09:00:33] "GET /favicon.ico HTTP/1.1" 404 -
192.168.2.25 - - [23/Apr/2019 09:00:38] "POST /weight/register HTTP/1.1" 201 -
192.168.2.25 - - [23/Apr/2019 09:00:39] "GET /weight/register HTTP/1.1" 200 -
192.168.2.25 - - [25/Apr/2019 10:17:01] "GET / HTTP/1.1" 302 -
192.168.2.25 - - [25/Apr/2019 10:17:03] "GET /weight/register HTTP/1.1" 200 -
192.168.2.25 - - [25/Apr/2019 10:17:04] "GET /static/css/main.css HTTP/1.1" 200 -
192.168.2.25 - - [25/Apr/2019 10:17:10] "POST /weight/register HTTP/1.1" 201 -
192.168.2.25 - - [25/Apr/2019 10:17:12] "GET /weight/register HTTP/1.1" 200 -
192.168.2.25 - - [26/Apr/2019 09:24:50] "GET / HTTP/1.1" 302 -
192.168.2.25 - - [26/Apr/2019 09:24:51] "GET /weight/register HTTP/1.1" 200 -
192.168.2.25 - - [26/Apr/2019 09:24:53] "GET /static/css/main.css HTTP/1.1" 304 -
192.168.2.25 - - [26/Apr/2019 09:24:53] "GET /favicon.ico HTTP/1.1" 404 -
192.168.2.25 - - [26/Apr/2019 09:24:57] "POST /weight/register HTTP/1.1" 201 -
192.168.2.25 - - [26/Apr/2019 09:24:58] "GET /weight/register HTTP/1.1" 200 -
192.168.2.25 - - [27/Apr/2019 09:44:36] "GET / HTTP/1.1" 302 -
192.168.2.25 - - [27/Apr/2019 09:44:37] "GET /weight/register HTTP/1.1" 200 -
192.168.2.25 - - [27/Apr/2019 09:44:39] "GET /static/css/main.css HTTP/1.1" 304 -
192.168.2.25 - - [27/Apr/2019 09:44:39] "GET /favicon.ico HTTP/1.1" 404 -
192.168.2.25 - - [27/Apr/2019 09:44:43] "POST /weight/register HTTP/1.1" 201 -
192.168.2.25 - - [27/Apr/2019 09:44:44] "GET /weight/register HTTP/1.1" 200 -
192.168.2.25 - - [28/Apr/2019 10:17:15] "GET / HTTP/1.1" 302 -
192.168.2.25 - - [28/Apr/2019 10:17:15] "GET /weight/register HTTP/1.1" 200 -
192.168.2.25 - - [28/Apr/2019 10:17:18] "GET /static/css/main.css HTTP/1.1" 304 -
192.168.2.25 - - [28/Apr/2019 10:17:21] "POST /weight/register HTTP/1.1" 201 -
192.168.2.25 - - [28/Apr/2019 10:17:22] "GET /weight/register HTTP/1.1" 200 -
192.168.2.25 - - [28/Apr/2019 10:17:22] "GET /weight/history HTTP/1.1" 200 -
192.168.2.25 - - [28/Apr/2019 10:17:22] "GET /static/js/chart-config.js HTTP/1.1" 200 -
192.168.2.25 - - [28/Apr/2019 10:17:25] "GET /weight/historydays?amount=14 HTTP/1.1" 200 -
192.168.2.25 - - [30/Apr/2019 08:54:04] "GET / HTTP/1.1" 302 -
192.168.2.25 - - [30/Apr/2019 08:54:05] "GET /weight/register HTTP/1.1" 200 -
192.168.2.25 - - [30/Apr/2019 08:54:07] "GET /static/css/main.css HTTP/1.1" 304 -
192.168.2.25 - - [30/Apr/2019 08:54:12] "POST /weight/register HTTP/1.1" 201 -
192.168.2.25 - - [30/Apr/2019 08:54:13] "GET /weight/register HTTP/1.1" 200 -
192.168.2.25 - - [01/May/2019 18:16:10] "GET / HTTP/1.1" 302 -
192.168.2.25 - - [01/May/2019 18:16:11] "GET /weight/register HTTP/1.1" 200 -
192.168.2.25 - - [01/May/2019 18:16:13] "GET /static/css/main.css HTTP/1.1" 304 -
192.168.2.25 - - [01/May/2019 18:16:16] "POST /weight/register HTTP/1.1" 201 -
192.168.2.25 - - [01/May/2019 18:16:17] "GET /weight/register HTTP/1.1" 200 -
192.168.2.25 - - [03/May/2019 07:24:24] "GET / HTTP/1.1" 302 -
192.168.2.25 - - [03/May/2019 07:24:24] "GET /weight/register HTTP/1.1" 200 -
192.168.2.25 - - [03/May/2019 07:24:27] "GET /static/css/main.css HTTP/1.1" 304 -
192.168.2.25 - - [03/May/2019 07:24:30] "POST /weight/register HTTP/1.1" 201 -
192.168.2.25 - - [03/May/2019 07:24:31] "GET /weight/register HTTP/1.1" 200 -
192.168.2.25 - - [04/May/2019 11:06:35] "GET / HTTP/1.1" 302 -
192.168.2.25 - - [04/May/2019 11:06:38] "GET /weight/register HTTP/1.1" 200 -
192.168.2.25 - - [04/May/2019 11:06:38] "GET /static/css/main.css HTTP/1.1" 200 -
192.168.2.25 - - [04/May/2019 11:06:38] "GET /favicon.ico HTTP/1.1" 404 -
192.168.2.25 - - [04/May/2019 11:06:41] "POST /weight/register HTTP/1.1" 201 -
192.168.2.25 - - [04/May/2019 11:06:43] "GET /weight/register HTTP/1.1" 200 -
192.168.2.25 - - [04/May/2019 11:06:45] "GET /weight/history HTTP/1.1" 200 -
192.168.2.25 - - [04/May/2019 11:06:45] "GET /static/js/chart-config.js HTTP/1.1" 200 -
192.168.2.25 - - [04/May/2019 11:06:48] "GET /weight/historyweeks?amount=6 HTTP/1.1" 200 -
192.168.2.25 - - [05/May/2019 12:41:25] "GET / HTTP/1.1" 302 -
192.168.2.25 - - [05/May/2019 12:41:28] "GET /weight/register HTTP/1.1" 200 -
192.168.2.25 - - [05/May/2019 12:41:28] "GET /static/css/main.css HTTP/1.1" 200 -
192.168.2.25 - - [05/May/2019 12:41:40] "POST /weight/register HTTP/1.1" 201 -
192.168.2.25 - - [05/May/2019 12:41:41] "GET /weight/register HTTP/1.1" 200 -
192.168.2.25 - - [05/May/2019 12:41:51] "GET /weight/history HTTP/1.1" 200 -
192.168.2.25 - - [05/May/2019 12:41:51] "GET /static/js/chart-config.js HTTP/1.1" 200 -
192.168.2.25 - - [05/May/2019 12:41:55] "GET /weight/historyweeks?amount=6 HTTP/1.1" 200 -
192.168.2.25 - - [05/May/2019 12:42:21] "GET /weight/historyweeks?amount=80 HTTP/1.1" 200 -
192.168.2.25 - - [06/May/2019 08:36:08] "GET / HTTP/1.1" 302 -
192.168.2.25 - - [06/May/2019 08:36:08] "GET /weight/register HTTP/1.1" 200 -
192.168.2.25 - - [06/May/2019 08:36:08] "GET /static/css/main.css HTTP/1.1" 304 -
192.168.2.25 - - [06/May/2019 08:36:14] "POST /weight/register HTTP/1.1" 201 -
192.168.2.25 - - [06/May/2019 08:36:15] "GET /weight/register HTTP/1.1" 200 -
192.168.2.25 - - [07/May/2019 10:19:51] "GET / HTTP/1.1" 302 -
192.168.2.25 - - [07/May/2019 10:19:54] "GET /weight/register HTTP/1.1" 200 -
192.168.2.25 - - [07/May/2019 10:19:54] "GET /static/css/main.css HTTP/1.1" 304 -
192.168.2.25 - - [07/May/2019 10:19:58] "POST /weight/register HTTP/1.1" 201 -
192.168.2.25 - - [07/May/2019 10:19:59] "GET /weight/register HTTP/1.1" 200 -
192.168.2.25 - - [08/May/2019 00:01:28] "GET / HTTP/1.1" 302 -
192.168.2.25 - - [08/May/2019 00:01:28] "GET /weight/register HTTP/1.1" 200 -
192.168.2.25 - - [08/May/2019 00:01:28] "GET /static/css/main.css HTTP/1.1" 304 -
192.168.2.25 - - [08/May/2019 00:23:16] "GET / HTTP/1.1" 302 -
192.168.2.25 - - [08/May/2019 00:23:16] "GET /weight/register HTTP/1.1" 200 -
 * Running on http://192.168.2.3:5003/ (Press CTRL+C to quit)
 * Running on http://192.168.2.3:5003/ (Press CTRL+C to quit)
192.168.2.25 - - [08/May/2019 01:01:38] "GET / HTTP/1.1" 302 -
192.168.2.25 - - [08/May/2019 01:01:38] "GET /weight/register HTTP/1.1" 200 -
192.168.2.25 - - [08/May/2019 01:01:38] "GET /static/css/main.css HTTP/1.1" 200 -
192.168.2.25 - - [08/May/2019 01:01:38] "GET /favicon.ico HTTP/1.1" 404 -
192.168.2.25 - - [08/May/2019 01:01:41] "GET /weight/history HTTP/1.1" 200 -
192.168.2.25 - - [08/May/2019 01:01:41] "GET /static/js/chart-config.js HTTP/1.1" 200 -
192.168.2.25 - - [08/May/2019 01:01:43] "GET /weight/historydays?amount=10 HTTP/1.1" 200 -
 * Running on http://192.168.2.3:5003/ (Press CTRL+C to quit)
192.168.2.25 - - [08/May/2019 01:18:22] "GET / HTTP/1.1" 302 -
192.168.2.25 - - [08/May/2019 01:18:22] "GET /weight/register HTTP/1.1" 200 -
192.168.2.25 - - [08/May/2019 09:05:05] "GET / HTTP/1.1" 302 -
192.168.2.25 - - [08/May/2019 09:05:05] "GET /weight/register HTTP/1.1" 200 -
192.168.2.25 - - [08/May/2019 09:05:09] "POST /weight/register HTTP/1.1" 201 -
192.168.2.25 - - [08/May/2019 09:05:10] "GET /weight/register HTTP/1.1" 200 -
 * Running on http://192.168.2.3:5003/ (Press CTRL+C to quit)
192.168.2.25 - - [09/May/2019 00:15:57] "GET / HTTP/1.1" 302 -
/home/pi/weight_log/weight_register/utils/led_utils.py:8: RuntimeWarning: This channel is already in use, continuing anyway.  Use GPIO.setwarnings(False) to disable warnings.
  GPIO.setup(self.led, GPIO.OUT)
192.168.2.25 - - [09/May/2019 00:15:58] "GET /weight/register HTTP/1.1" 200 -
192.168.2.25 - - [09/May/2019 00:15:58] "GET / HTTP/1.1" 302 -
192.168.2.25 - - [09/May/2019 00:15:58] "GET /weight/register HTTP/1.1" 200 -
192.168.2.25 - - [09/May/2019 00:16:00] "GET /weight/history HTTP/1.1" 200 -
192.168.2.25 - - [09/May/2019 00:16:03] "GET /weight/historydays?amount=74 HTTP/1.1" 200 -
192.168.2.25 - - [09/May/2019 00:16:11] "GET /weight/register HTTP/1.1" 200 -
192.168.2.25 - - [09/May/2019 00:16:13] "POST /weight/register HTTP/1.1" 500 -
192.168.2.25 - - [09/May/2019 00:16:17] "GET /weight/register HTTP/1.1" 200 -
192.168.2.25 - - [09/May/2019 00:16:18] "GET /weight/history HTTP/1.1" 200 -
192.168.2.25 - - [09/May/2019 00:16:20] "GET /weight/historydays?amount=12 HTTP/1.1" 200 -
192.168.2.25 - - [09/May/2019 00:16:24] "GET /weight/register HTTP/1.1" 200 -
